[debug] [2025-04-06T14:50:33.620Z] ----------------------------------------------------------------------
[debug] [2025-04-06T14:50:33.622Z] Command:       C:\Program Files\nodejs\node.exe C:\Users\helgapuspa\AppData\Roaming\npm\node_modules\firebase-tools\lib\bin\firebase.js init
[debug] [2025-04-06T14:50:33.622Z] CLI Version:   14.1.0
[debug] [2025-04-06T14:50:33.622Z] Platform:      win32
[debug] [2025-04-06T14:50:33.622Z] Node Version:  v22.14.0
[debug] [2025-04-06T14:50:33.623Z] Time:          Sun Apr 06 2025 21:50:33 GMT+0700 (Western Indonesia Time)
[debug] [2025-04-06T14:50:33.623Z] ----------------------------------------------------------------------
[debug] 
[debug] [2025-04-06T14:50:33.626Z] > command requires scopes: ["email","openid","https://www.googleapis.com/auth/cloudplatformprojects.readonly","https://www.googleapis.com/auth/firebase","https://www.googleapis.com/auth/cloud-platform"]
[debug] [2025-04-06T14:50:33.626Z] > authorizing via signed-in user (helgapuspa19@gmail.com)
[info] 
     ######## #### ########  ######## ########     ###     ######  ########
     ##        ##  ##     ## ##       ##     ##  ##   ##  ##       ##
     ######    ##  ########  ######   ########  #########  ######  ######
     ##        ##  ##    ##  ##       ##     ## ##     ##       ## ##
     ##       #### ##     ## ######## ########  ##     ##  ######  ########

You're about to initialize a Firebase project in this directory:

  D:\KULIAH\Pem.mobile\uts

[info] 
=== Project Setup
[info] 
[info] First, let's associate this project directory with a Firebase project.
[info] You can create multiple project aliases by running firebase use --add, 
[info] but for now we'll just set up a default project.
[info] 
[info] i  If you want to create a project in a Google Cloud organization or folder, please use "firebase projects:create" instead, and return to this command when you've created the project. 
[debug] [2025-04-06T14:51:48.142Z] Checked if tokens are valid: true, expires at: 1743954477367
[debug] [2025-04-06T14:51:48.143Z] Checked if tokens are valid: true, expires at: 1743954477367
[debug] [2025-04-06T14:51:48.144Z] >>> [apiv2][query] POST https://cloudresourcemanager.googleapis.com/v1/projects [none]
[debug] [2025-04-06T14:51:48.144Z] >>> [apiv2][body] POST https://cloudresourcemanager.googleapis.com/v1/projects {"projectId":"UTS-mobile1","name":"UTS-mobile"}
[debug] [2025-04-06T14:51:49.340Z] <<< [apiv2][status] POST https://cloudresourcemanager.googleapis.com/v1/projects 400
[debug] [2025-04-06T14:51:49.340Z] <<< [apiv2][body] POST https://cloudresourcemanager.googleapis.com/v1/projects {"error":{"code":400,"message":"field [project_id] has issue [project_id contains invalid characters]","status":"INVALID_ARGUMENT","details":[{"@type":"type.googleapis.com/google.rpc.BadRequest","fieldViolations":[{"field":"project_id","description":"project_id contains invalid characters"}]},{"@type":"type.googleapis.com/google.rpc.Help","links":[{"url":"https://cloud.google.com/resource-manager/reference/rest/v1/projects"}]}]}}
[debug] [2025-04-06T14:51:49.432Z] FirebaseError: Request to https://cloudresourcemanager.googleapis.com/v1/projects had HTTP Error: 400, field [project_id] has issue [project_id contains invalid characters]
    at responseToError (C:\Users\helgapuspa\AppData\Roaming\npm\node_modules\firebase-tools\lib\responseToError.js:52:12)
    at RetryOperation._fn (C:\Users\helgapuspa\AppData\Roaming\npm\node_modules\firebase-tools\lib\apiv2.js:312:77)
    at process.processTicksAndRejections (node:internal/process/task_queues:105:5)
[error] 
[error] Error: Failed to create project. See firebase-debug.log for more info.
